<?xml version="1.0" encoding="UTF-8"?>
<!-- Generated by org.testng.reporters.JUnitXMLReporter -->
<testsuite ignored="0" hostname="41TS353" failures="0" tests="3" name="Default test" time="0.106" errors="0" timestamp="2025-08-16T12:25:03 IST">
  <testcase classname="demo.CalculatorTest" name="testAddNegativeNumbers" time="0.043"/>
  <testcase classname="demo.CalculatorTest" name="testAddPositiveNumbers" time="0.003"/>
  <testcase classname="demo.CalculatorTest" name="testFailingCase" time="0.003"/>
</testsuite> <!-- Default test -->
