<?xml version="1.0" encoding="UTF-8"?>
<testng-results ignored="0" total="3" passed="3" failed="0" skipped="0">
  <reporter-output>
  </reporter-output>
  <suite started-at="2025-08-16T12:25:03 IST" name="Default suite" finished-at="2025-08-16T12:25:03 IST" duration-ms="106">
    <groups>
    </groups>
    <test started-at="2025-08-16T12:25:03 IST" name="Default test" finished-at="2025-08-16T12:25:03 IST" duration-ms="106">
      <class name="demo.CalculatorTest">
        <test-method signature="testAddNegativeNumbers()[pri:0, instance:demo.CalculatorTest@52b1beb6]" started-at="2025-08-16T12:25:03 IST" name="testAddNegativeNumbers" finished-at="2025-08-16T12:25:03 IST" duration-ms="43" status="PASS">
          <reporter-output>
          </reporter-output>
        </test-method> <!-- testAddNegativeNumbers -->
        <test-method signature="testAddPositiveNumbers()[pri:0, instance:demo.CalculatorTest@52b1beb6]" started-at="2025-08-16T12:25:03 IST" name="testAddPositiveNumbers" finished-at="2025-08-16T12:25:03 IST" duration-ms="3" status="PASS">
          <reporter-output>
          </reporter-output>
        </test-method> <!-- testAddPositiveNumbers -->
        <test-method signature="testFailingCase()[pri:0, instance:demo.CalculatorTest@52b1beb6]" started-at="2025-08-16T12:25:03 IST" name="testFailingCase" finished-at="2025-08-16T12:25:03 IST" duration-ms="3" status="PASS">
          <reporter-output>
          </reporter-output>
        </test-method> <!-- testFailingCase -->
      </class> <!-- demo.CalculatorTest -->
    </test> <!-- Default test -->
  </suite> <!-- Default suite -->
</testng-results>
